Build started 3/3/2017 3:07:04 PM.
     1>Project "C:\Users\Mo\documents\visual studio 2013\Projects\ATHack_launcher_v2\ATHack_launcher_v2\ATHack_launcher_v2.vcxproj" on node 2 (Build target(s)).
     1>ClCompile:
         C:\Program Files (x86)\Microsoft Visual Studio 12.0\VC\bin\CL.exe /c /IC:\opencv\opencv_3_0\build\x86\vc12\..\..\include /IC:\opencv\opencv_3_0\build\x86\vc12\..\..\include\opencv /IC:\opencv\opencv_3_0\build\x86\vc12\..\..\include\opencv2 /I"C:\armadillo-7.200.1\include" /ZI /nologo /W3 /WX- /sdl /Od /Oy- /D WIN32 /D _DEBUG /D _CONSOLE /D _LIB /D _UNICODE /D UNICODE /Gm /EHsc /RTC1 /MDd /GS /fp:precise /Zc:wchar_t /Zc:forScope /Fo"Debug\\" /Fd"Debug\vc120.pdb" /Gd /TP /analyze- /errorReport:prompt Source.cpp
         Source.cpp
     1>c:\users\mo\documents\visual studio 2013\projects\athack_launcher_v2\athack_launcher_v2\source.cpp(162): warning C4244: 'argument' : conversion from 'double' to 'int', possible loss of data
     1>c:\users\mo\documents\visual studio 2013\projects\athack_launcher_v2\athack_launcher_v2\source.cpp(168): warning C4244: 'argument' : conversion from 'double' to 'int', possible loss of data
     1>c:\users\mo\documents\visual studio 2013\projects\athack_launcher_v2\athack_launcher_v2\source.cpp(239): warning C4244: 'initializing' : conversion from 'double' to 'int', possible loss of data
     1>c:\users\mo\documents\visual studio 2013\projects\athack_launcher_v2\athack_launcher_v2\source.cpp(261): warning C4244: '=' : conversion from 'double' to 'int', possible loss of data
     1>c:\users\mo\documents\visual studio 2013\projects\athack_launcher_v2\athack_launcher_v2\source.cpp(262): warning C4244: '=' : conversion from 'double' to 'int', possible loss of data
     1>c:\users\mo\documents\visual studio 2013\projects\athack_launcher_v2\athack_launcher_v2\source.cpp(264): warning C4244: '=' : conversion from 'double' to 'int', possible loss of data
     1>c:\users\mo\documents\visual studio 2013\projects\athack_launcher_v2\athack_launcher_v2\source.cpp(265): warning C4244: '=' : conversion from 'double' to 'int', possible loss of data
     1>c:\users\mo\documents\visual studio 2013\projects\athack_launcher_v2\athack_launcher_v2\source.cpp(267): warning C4244: '=' : conversion from 'double' to 'int', possible loss of data
     1>c:\users\mo\documents\visual studio 2013\projects\athack_launcher_v2\athack_launcher_v2\source.cpp(268): warning C4244: '=' : conversion from 'double' to 'int', possible loss of data
     1>c:\users\mo\documents\visual studio 2013\projects\athack_launcher_v2\athack_launcher_v2\source.cpp(269): warning C4244: '=' : conversion from 'double' to 'int', possible loss of data
     1>c:\users\mo\documents\visual studio 2013\projects\athack_launcher_v2\athack_launcher_v2\source.cpp(270): warning C4244: '=' : conversion from 'double' to 'int', possible loss of data
     1>c:\users\mo\documents\visual studio 2013\projects\athack_launcher_v2\athack_launcher_v2\source.cpp(271): warning C4244: '=' : conversion from 'double' to 'int', possible loss of data
     1>c:\users\mo\documents\visual studio 2013\projects\athack_launcher_v2\athack_launcher_v2\source.cpp(272): warning C4244: '=' : conversion from 'double' to 'int', possible loss of data
     1>c:\users\mo\documents\visual studio 2013\projects\athack_launcher_v2\athack_launcher_v2\source.cpp(273): warning C4244: '=' : conversion from 'double' to 'int', possible loss of data
     1>c:\users\mo\documents\visual studio 2013\projects\athack_launcher_v2\athack_launcher_v2\source.cpp(274): warning C4244: '=' : conversion from 'double' to 'int', possible loss of data
       Link:
         C:\Program Files (x86)\Microsoft Visual Studio 12.0\VC\bin\link.exe /ERRORREPORT:PROMPT /OUT:"C:\Users\Mo\documents\visual studio 2013\Projects\ATHack_launcher_v2\Debug\ATHack_launcher_v2.exe" /INCREMENTAL /NOLOGO /LIBPATH:C:\opencv\opencv_3_0\build\x86\vc12\lib /LIBPATH:"C:\armadillo-7.200.1" /LIBPATH:C:\opencvLibs opencv_ts300d.lib opencv_world300d.lib kernel32.lib user32.lib gdi32.lib winspool.lib comdlg32.lib advapi32.lib shell32.lib ole32.lib oleaut32.lib uuid.lib odbc32.lib odbccp32.lib /MANIFEST /MANIFESTUAC:"level='asInvoker' uiAccess='false'" /manifest:embed /DEBUG /PDB:"C:\Users\Mo\documents\visual studio 2013\Projects\ATHack_launcher_v2\Debug\ATHack_launcher_v2.pdb" /SUBSYSTEM:CONSOLE /TLBID:1 /DYNAMICBASE /NXCOMPAT /IMPLIB:"C:\Users\Mo\documents\visual studio 2013\Projects\ATHack_launcher_v2\Debug\ATHack_launcher_v2.lib" /MACHINE:X86 Debug\Source.obj
         ATHack_launcher_v2.vcxproj -> C:\Users\Mo\documents\visual studio 2013\Projects\ATHack_launcher_v2\Debug\ATHack_launcher_v2.exe
     1>Done Building Project "C:\Users\Mo\documents\visual studio 2013\Projects\ATHack_launcher_v2\ATHack_launcher_v2\ATHack_launcher_v2.vcxproj" (Build target(s)).

Build succeeded.

Time Elapsed 00:00:01.51
